<?xml version="1.0" encoding="UTF-8"?>
<!-- Generated by org.testng.reporters.JUnitReportReporter -->
<testsuite hostname="dans-asus" failures="0" tests="5" name="practice.TestNGTest" time="0.013" errors="0" timestamp="2024-07-08T20:24:16 IST" skipped="1">
  <testcase classname="practice.TestNGTest" name="modifyContactsTest" time="0.001"/>
  <testcase classname="practice.TestNGTest" name="createContactTest" time="0.010"/>
  <testcase classname="practice.TestNGTest" name="modifyContactsTest" time="0.001"/>
  <testcase classname="practice.TestNGTest" name="modifyContactsTest" time="0.001"/>
  <testcase classname="practice.TestNGTest" name="deleteContactTest">
    <skipped/>
  </testcase> <!-- deleteContactTest -->
</testsuite> <!-- practice.TestNGTest -->
